number,value,datetime_start,datetime_complete,duration,params_colsample_bytree,params_gamma,params_learning_rate,params_max_depth,params_min_child_weight,params_n_estimators,params_reg_alpha,params_reg_lambda,params_subsample,user_attrs_fold_metrics,user_attrs_mean_accuracy,user_attrs_mean_combined,user_attrs_mean_f1_weighted,user_attrs_mean_hit_ratio,user_attrs_mean_sharpe,user_attrs_mean_sortino,state
61,0.463819575752789,2025-09-11 14:24:14.753297,2025-09-11 14:24:15.226140,0 days 00:00:00.472843,0.7062599664882899,0.8195692572588795,0.08112760592265406,4,3,949,0.001050411433881853,1.0348055185773236e-06,0.9853448579023827,"{'f1_weighted': [0.3805226088709777, 0.337699424898117], 'accuracy': [0.3820638820638821, 0.3655913978494624], 'sharpe': [3.570748544886334, -90.15458801207869], 'sortino': [4.015315110476825, -92.6860076068165], 'hit_ratio': [0.49244712990936557, 0.36022727272727273], 'combined': [0.8545208719356855, 0.07311827956989247]}",0.37382763995667223,0.463819575752789,0.3591110168845474,0.42633720131831915,-43.29191973359618,-44.33534624816984,COMPLETE
62,0.4708950037175844,2025-09-11 14:24:15.227645,2025-09-11 14:24:15.675236,0 days 00:00:00.447591,0.726960865899461,1.2889532281084517,0.09900069530326332,4,3,892,0.0017822955921756392,2.9152780522686097e-06,0.9962399012705475,"{'f1_weighted': [0.3551837237558135, 0.3408583260754551], 'accuracy': [0.3676289926289926, 0.34132104454685097], 'sharpe': [60.74947609405625, -56.83167573263544], 'sortino': [80.5978625522145, -65.63832032459356], 'hit_ratio': [0.5894554883318929, 0.44611528822055135], 'combined': [0.8735257985257986, 0.0682642089093702]}",0.3544750185879218,0.4708950037175844,0.34802102491563425,0.5177853882762221,1.9589001807104047,7.4797711138104646,COMPLETE
63,0.06978923938614925,2025-09-11 14:24:15.676233,2025-09-11 14:24:16.197760,0 days 00:00:00.521527,0.744339700576615,1.467016843109818,0.06510790635208208,5,2,859,0.00017925494617661988,7.96843599495793e-06,0.9489663819566934,"{'f1_weighted': [0.36151002274831784, 0.3330132818660633], 'accuracy': [0.36025798525798525, 0.33763440860215055], 'sharpe': [-28.712329125228738, -61.900324386413615], 'sortino': [-37.27139605436968, -73.50592880252817], 'hit_ratio': [0.430063578564941, 0.42755741127348645], 'combined': [0.0720515970518684, 0.06752688172043012]}",0.3489461969300679,0.06978923938614925,0.3472616523071906,0.42881049491921375,-45.306326755821175,-55.388662428448924,COMPLETE
64,0.07419326066602737,2025-09-11 14:24:16.198770,2025-09-11 14:24:16.679136,0 days 00:00:00.480366,0.6960280435163516,0.9767841630134595,0.15641208354668404,3,3,997,0.00047876153007477137,1.3692776444895712e-06,0.9847612506393277,"{'f1_weighted': [0.36943100549284, 0.337699424898117], 'accuracy': [0.367014742014742, 0.3655913978494624], 'sharpe': [-6.058859050626575, -90.15458801207869], 'sortino': [-7.09519812640355, -92.6860076068165], 'hit_ratio': [0.4855769230769231, 0.36022727272727273], 'combined': [0.07526824176216226, 0.07311827956989247]}",0.36630306993210215,0.07419326066602737,0.3535652151954785,0.4229020979020979,-48.106723531352635,-49.890602866610024,COMPLETE
65,0.47384417844652627,2025-09-11 14:24:16.680135,2025-09-11 14:24:18.003282,0 days 00:00:01.323147,0.7186332513924254,0.28386423607739786,0.18595874968779366,5,5,945,6.039154025189705e-05,5.564935261832028e-07,0.9279558066806576,"{'f1_weighted': [0.3725296253409239, 0.30789451102859694], 'accuracy': [0.3716216216216216, 0.36682027649769583], 'sharpe': [17.376400942300176, -126.48042639638844], 'sortino': [22.149838967554242, -144.51413016420346], 'hit_ratio': [0.510148849797023, 0.3276668083297918], 'combined': [0.8743243015935134, 0.07336405529953917]}",0.36922094905965874,0.47384417844652627,0.3402120681847604,0.4189078290634074,-54.55201272704413,-61.18214559832461,COMPLETE
66,0.0717247717275194,2025-09-11 14:24:18.004279,2025-09-11 14:24:18.924586,0 days 00:00:00.920307,0.7689534031506827,0.2811578551045055,0.18692787159648128,5,5,954,0.004147572809410965,4.378936542351033e-07,0.9238957580200788,"{'f1_weighted': [0.36138171755350507, 0.29887475759250887], 'accuracy': [0.35872235872235875, 0.3585253456221198], 'sharpe': [-19.54995468918753, -134.9839220355524], 'sortino': [-22.59453513222538, -155.91433923761193], 'hit_ratio': [0.46734784540204355, 0.31862537123462026], 'combined': [0.07174447433061483, 0.07170506912442397]}",0.35862385217223924,0.0717247717275194,0.33012823757300697,0.3929866083183319,-77.26693836236997,-89.25443718491866,COMPLETE
67,0.4716328866479614,2025-09-11 14:24:18.924586,2025-09-11 14:24:19.470346,0 days 00:00:00.545760,0.7297333232262289,0.4887579602961455,0.09206360832472511,5,7,921,0.00015148602610612108,5.557124805232849e-08,0.9034368303350755,"{'f1_weighted': [0.3442372394318346, 0.30789451102859694], 'accuracy': [0.3495085995085995, 0.36682027649769583], 'sharpe': [19.855463768241563, -126.48042639638844], 'sortino': [25.063690630803208, -144.51413016420346], 'hit_ratio': [0.5222358221134231, 0.3276668083297918], 'combined': [0.8699017179963836, 0.07336405529953917]}",0.3581644380031477,0.4716328866479614,0.3260658752302158,0.42495131522160745,-53.31248131407344,-59.72521976670013,COMPLETE
68,0.47279996375488853,2025-09-11 14:24:19.470346,2025-09-11 14:24:19.952561,0 days 00:00:00.482215,0.7161818761920649,0.7850406264939177,0.11890009987872145,4,6,963,0.0017154147248344424,6.845216790617013e-07,0.8816019478870253,"{'f1_weighted': [0.3616845567423276, 0.30789451102859694], 'accuracy': [0.36117936117936117, 0.36682027649769583], 'sharpe': [24.16393937845576, -126.48042639638844], 'sortino': [29.708084787344358, -144.51413016420346], 'hit_ratio': [0.5335420393559929, 0.3276668083297918], 'combined': [0.8722358722102379, 0.07336405529953917]}",0.3639998188385285,0.47279996375488853,0.3347895338854623,0.4306044238428923,-51.158243508966336,-57.40302268842955,COMPLETE
69,0.0693910944995898,2025-09-11 14:24:19.952561,2025-09-11 14:24:20.425962,0 days 00:00:00.473401,0.7596287163785013,0.7598416459067437,0.12378237376607337,4,6,963,0.0018963926839964706,7.278996103628772e-07,0.8769090153641237,"{'f1_weighted': [0.36877313038213405, 0.18001711402616377], 'accuracy': [0.3657862407862408, 0.328110599078341], 'sharpe': [-12.555262738472589, -170.86372043239177], 'sortino': [-14.484274542698733, -223.3968603074842], 'hit_ratio': [0.49212410501193316, 0.30905145691258523], 'combined': [0.07316006918351141, 0.0656221198156682]}",0.34694841993229086,0.0693910944995898,0.2743951222041489,0.4005877809622592,-91.70949158543218,-118.94056742509146,COMPLETE
70,0.07270880226622162,2025-09-11 14:24:20.427468,2025-09-11 14:24:20.909052,0 days 00:00:00.481584,0.7208697218071056,0.24383285369530128,0.12456692386973234,4,5,831,0.0005568247542643203,4.062522290519322e-06,0.9409191293005014,"{'f1_weighted': [0.3684820488824668, 0.3468431199341832], 'accuracy': [0.36609336609336607, 0.36098310291858676], 'sharpe': [-12.754800603497, -83.5099288017924], 'sortino': [-14.181073372543018, -88.95793587261392], 'hit_ratio': [0.4761675493500241, 0.3817258883248731], 'combined': [0.07322098394872589, 0.07219662058371736]}",0.36353823450597644,0.07270880226622162,0.357662584408325,0.4289467188374486,-48.1323647026447,-51.569504622578464,COMPLETE
71,0.3034061346039458,2025-09-11 14:24:20.909052,2025-09-11 14:24:21.388894,0 days 00:00:00.479842,0.7011119817660647,0.029125016552536076,0.17296295177965995,5,6,882,0.000994369184704004,1.5483787255861338e-06,0.9626328425864134,"{'f1_weighted': [0.3729384135746476, 0.30429836350659617], 'accuracy': [0.37192874692874694, 0.31889400921658984], 'sharpe': [0.3466692462780589, -98.61528021536691], 'sortino': [0.38270467587472584, -112.76915906634632], 'hit_ratio': [0.5044955044955045, 0.35989492119089317], 'combined': [0.5430334673645736, 0.06377880184331797]}",0.3454113780726684,0.3034061346039458,0.3386183885406219,0.43219521284319884,-49.13430548454443,-56.1932271952358,COMPLETE
72,0.47279975076242914,2025-09-11 14:24:21.388894,2025-09-11 14:24:21.814600,0 days 00:00:00.425706,0.6662198620915161,0.4574377361001853,0.20219916895364112,3,7,1000,0.0056086481305028125,3.5244880709628993e-07,0.9417916996684437,"{'f1_weighted': [0.3618614067835205, 0.3468431199341832], 'accuracy': [0.367014742014742, 0.36098310291858676], 'sharpe': [16.288560578643796, -83.5099288017924], 'sortino': [17.896534649417152, -88.95793587261392], 'hit_ratio': [0.5339147286821705, 0.3817258883248731], 'combined': [0.8734028809411409, 0.07219662058371736]}",0.3639989224666644,0.47279975076242914,0.35435226335885184,0.4578203085035218,-33.6106841115743,-35.530700611598384,COMPLETE
73,0.472525845723687,2025-09-11 14:24:21.814600,2025-09-11 14:24:22.235446,0 days 00:00:00.420846,0.6686233242625921,1.12751716199993,0.14786382681585988,3,7,1000,0.028361314980856946,1.092046631655093e-07,0.9398336423553395,"{'f1_weighted': [0.36752949991678635, 0.30789451102859694], 'accuracy': [0.36486486486486486, 0.36682027649769583], 'sharpe': [6.431982959826795, -126.48042639638844], 'sortino': [7.871648200065804, -144.51413016420346], 'hit_ratio': [0.5078922934076138, 0.3276668083297918], 'combined': [0.8716876361478348, 0.07336405529953917]}",0.36584257068128034,0.472525845723687,0.33771200547269165,0.4177795508687028,-60.02422171828082,-68.32124098206883,COMPLETE
74,0.4638921221179286,2025-09-11 14:24:22.236443,2025-09-11 14:24:22.658121,0 days 00:00:00.421678,0.669937181599474,1.1046615707397502,0.1484897682323139,3,7,985,0.03501840165544501,1.0973110634080296e-07,0.8840616008744091,"{'f1_weighted': [0.29022576650655674, 0.18275356969973325], 'accuracy': [0.31142506142506143, 0.32749615975422425], 'sharpe': [38.37218417765509, -173.31104573771538], 'sortino': [57.976823285070104, -224.01835446350591], 'hit_ratio': [0.5442247658688866, 0.3031645569620253], 'combined': [0.8622850122850123, 0.06549923195084485]}",0.3194606105896428,0.4638921221179286,0.23648966810314498,0.423694661415456,-67.46943078003014,-83.0207655892179,COMPLETE
75,0.0716633453730228,2025-09-11 14:24:22.659121,2025-09-11 14:24:23.087992,0 days 00:00:00.428871,0.910438995166641,0.932232461439711,0.26809204389279623,3,7,942,0.0975788566631561,3.7145891658595246e-07,0.9322544156855829,"{'f1_weighted': [0.3583016263552173, 0.29887475759250887], 'accuracy': [0.3581081081081081, 0.3585253456221198], 'sharpe': [-44.00425789208459, -134.9839220355524], 'sortino': [-50.80208716337253, -155.91433923761193], 'hit_ratio': [0.4199475065616798, 0.31862537123462026], 'combined': [0.07162162162162163, 0.07170506912442397]}",0.35831672686511395,0.0716633453730228,0.3285881919738631,0.36928643889815005,-89.4940899638185,-103.35821320049223,COMPLETE
76,0.46453508372863705,2025-09-11 14:24:23.089018,2025-09-11 14:24:23.505920,0 days 00:00:00.416902,0.71695265945673,1.7429827194777832,0.19921790575774379,3,8,974,0.012484446364903406,2.644764029459575e-07,0.9014699357003931,"{'f1_weighted': [0.28808725700632426, 0.18275356969973325], 'accuracy': [0.3178746928746929, 0.32749615975422425], 'sharpe': [12.205300808437938, -173.31104573771538], 'sortino': [16.654165524486864, -224.01835446350591], 'hit_ratio': [0.5138651146867511, 0.3031645569620253], 'combined': [0.8635709355064293, 0.06549923195084485]}",0.32268542631445857,0.46453508372863705,0.23542041335302877,0.4085148358243882,-80.55287246463872,-103.68209446950952,COMPLETE
77,0.06877543337220757,2025-09-11 14:24:23.505920,2025-09-11 14:24:23.981562,0 days 00:00:00.475642,0.8646992228795755,0.7231820317473082,0.10648582658969695,3,6,1000,0.007661922839510892,2.484613048911706e-08,0.8628593922636447,"{'f1_weighted': [0.35961731967748006, 0.18001711402616377], 'accuracy': [0.35964373464373467, 0.328110599078341], 'sharpe': [-58.338942134623764, -170.86372043239177], 'sortino': [-65.77806699078172, -223.3968603074842], 'hit_ratio': [0.38348362600854297, 0.30905145691258523], 'combined': [0.07192874692874694, 0.0656221198156682]}",0.34387716686103786,0.06877543337220757,0.2698172168518219,0.3462675414605641,-114.60133128350776,-144.58746364913296,COMPLETE
78,0.07150997654259963,2025-09-11 14:24:23.982559,2025-09-11 14:24:24.455558,0 days 00:00:00.472999,0.7416914933853965,0.4844990067765341,0.16097760364099195,4,7,916,0.0037794254743928283,7.142273830660193e-07,0.9411258577805504,"{'f1_weighted': [0.35461214796129864, 0.34380469686250553], 'accuracy': [0.35196560196560195, 0.3631336405529954], 'sharpe': [-15.850155676200307, -91.5576243518816], 'sortino': [-17.993942428578286, -99.19086651686786], 'hit_ratio': [0.47623529411764703, 0.36428209030948755], 'combined': [0.07039322497460017, 0.07262672811059909]}",0.3575496212592987,0.07150997654259963,0.3492084224119021,0.42025869221356726,-53.70389001404095,-58.592404472723075,COMPLETE
79,0.07193975814943565,2025-09-11 14:24:24.456555,2025-09-11 14:24:24.904638,0 days 00:00:00.448083,0.9875675633491656,1.340377968810631,0.17799187061205965,3,6,961,0.0573701692228531,1.1978312229772607e-07,0.9208526695471023,"{'f1_weighted': [0.3630802950850306, 0.29887475759250887], 'accuracy': [0.3608722358722359, 0.3585253456221198], 'sharpe': [-36.28017983854123, -134.9839220355524], 'sortino': [-39.45387559657763, -155.91433923761193], 'hit_ratio': [0.4362861203221222, 0.31862537123462026], 'combined': [0.07217444717444732, 0.07170506912442397]}",0.3596987907471778,0.07193975814943565,0.33097752633876976,0.37745574577837127,-85.63205093704681,-97.68410741709478,COMPLETE
80,0.24825816911709203,2025-09-11 14:24:24.905634,2025-09-11 14:24:25.336298,0 days 00:00:00.430664,0.6851910355649371,0.4202210602380798,0.14355778490354973,3,7,933,0.6397709938094964,6.44260837794398e-08,0.9081756746831773,"{'f1_weighted': [0.35675130829639745, 0.30789451102859694], 'accuracy': [0.35565110565110564, 0.36682027649769583], 'sharpe': [-0.24105013688843124, -126.48042639638844], 'sortino': [-0.30004187587882014, -144.51413016420346], 'hit_ratio': [0.49359768690623707, 0.3276668083297918], 'combined': [0.4231522829346449, 0.07336405529953917]}",0.36123569107440073,0.24825816911709203,0.3323229096624972,0.4106322476180144,-63.360738266638435,-72.40708602004115,COMPLETE
81,0.46278546141432486,2025-09-11 14:24:25.336298,2025-09-11 14:24:25.797843,0 days 00:00:00.461545,0.667974134563856,0.8669915752756671,0.20232213661141102,4,8,858,0.0023632631861335157,2.1997615014341765e-06,0.9469524702508524,"{'f1_weighted': [0.3324301178561799, 0.20836883888371732], 'accuracy': [0.3332309582309582, 0.2946236559139785], 'sharpe': [28.493666977758593, -105.49635191332735], 'sortino': [41.47297946116527, -146.66560132596854], 'hit_ratio': [0.5346764819837272, 0.3667701863354037], 'combined': [0.866646191645854, 0.0589247311827957]}",0.31392730707246835,0.46278546141432486,0.2703994783699486,0.45072333415956545,-38.501342467784376,-52.596310932401636,COMPLETE
82,0.46643616663962284,2025-09-11 14:24:25.798843,2025-09-11 14:24:26.279779,0 days 00:00:00.480936,0.6597769786653276,2.0060147968430275,0.11397857213536397,4,5,905,0.0013618510596887508,8.45433870376519e-07,0.9586974011418257,"{'f1_weighted': [0.36107451758021314, 0.3408583260754551], 'accuracy': [0.35995085995085996, 0.34132104454685097], 'sharpe': [4.676290275033308, -56.83167573263544], 'sortino': [5.613752741655103, -65.63832032459356], 'hit_ratio': [0.5007327796775769, 0.44611528822055135], 'combined': [0.8646081243698754, 0.0682642089093702]}",0.35063595224885546,0.46643616663962284,0.3509664218278341,0.4734240339490641,-26.077692728801065,-30.01228379146923,COMPLETE
83,0.4728303711622116,2025-09-11 14:24:26.281772,2025-09-11 14:24:26.766044,0 days 00:00:00.484272,0.7106419385464924,0.1693991939299067,0.13306695683486405,3,6,967,0.01957001972999914,5.042740417008606e-06,0.9256421430760903,"{'f1_weighted': [0.3640318919287611, 0.30789451102859694], 'accuracy': [0.3614864864864865, 0.36682027649769583], 'sharpe': [14.08621608613037, -126.48042639638844], 'sortino': [16.764090013751282, -144.51413016420346], 'hit_ratio': [0.5232715770447357, 0.3276668083297918], 'combined': [0.872296687024884, 0.07336405529953917]}",0.3641533814920912,0.4728303711622116,0.33596320147867903,0.42546919268726374,-56.19710515512904,-63.87502007522609,COMPLETE
84,0.47316826539045626,2025-09-11 14:24:26.767550,2025-09-11 14:24:27.287151,0 days 00:00:00.519601,0.7081608543195459,0.19034132620343688,0.08990066661486495,3,6,972,0.01790815573346855,3.8005731478811097e-06,0.9292113959372006,"{'f1_weighted': [0.3674243982615124, 0.30789451102859694], 'accuracy': [0.36486486486486486, 0.36682027649769583], 'sharpe': [14.290542992127406, -126.48042639638844], 'sortino': [17.29811214365815, -144.51413016420346], 'hit_ratio': [0.5192754296330702, 0.3276668083297918], 'combined': [0.8729724754813734, 0.07336405529953917]}",0.36584257068128034,0.47316826539045626,0.33765945464505465,0.42347111898143097,-56.09494170213051,-63.60800901027265,COMPLETE
85,0.4728303711622116,2025-09-11 14:24:27.288163,2025-09-11 14:24:27.726749,0 days 00:00:00.438586,0.7054697990696317,0.24808707777643513,0.0899751535851734,3,6,968,0.020712446073402734,4.3764007923370146e-06,0.9224506927164007,"{'f1_weighted': [0.3640318919287611, 0.30789451102859694], 'accuracy': [0.3614864864864865, 0.36682027649769583], 'sharpe': [14.08621608613037, -126.48042639638844], 'sortino': [16.764090013751282, -144.51413016420346], 'hit_ratio': [0.5232715770447357, 0.3276668083297918], 'combined': [0.872296687024884, 0.07336405529953917]}",0.3641533814920912,0.4728303711622116,0.33596320147867903,0.42546919268726374,-56.19710515512904,-63.87502007522609,COMPLETE
86,0.470619374064347,2025-09-11 14:24:27.726749,2025-09-11 14:24:28.200912,0 days 00:00:00.474163,0.7067487523029018,0.20216706480256985,0.07192083836778733,3,6,944,0.018617185926167627,4.537624783206162e-06,0.8959674793438656,"{'f1_weighted': [0.336925628135705, 0.30789451102859694], 'accuracy': [0.3393734643734644, 0.36682027649769583], 'sharpe': [23.58933198104371, -126.48042639638844], 'sortino': [29.338408626963062, -144.51413016420346], 'hit_ratio': [0.5380815150267599, 0.3276668083297918], 'combined': [0.8678746928291549, 0.07336405529953917]}",0.35309687043558013,0.470619374064347,0.32241006958215096,0.43287416167827586,-51.44554720767236,-57.5878607686202,COMPLETE
87,0.47316662056024295,2025-09-11 14:24:28.200912,2025-09-11 14:24:28.694651,0 days 00:00:00.493739,0.7308210920932945,0.15506394014664465,0.08668748204076382,3,5,968,0.006122446558816163,1.0128113024400254e-05,0.9200471958478659,"{'f1_weighted': [0.3679148223345242, 0.30789451102859694], 'accuracy': [0.36486486486486486, 0.36682027649769583], 'sharpe': [12.26074798032651, -126.48042639638844], 'sortino': [15.019226940662218, -144.51413016420346], 'hit_ratio': [0.5161583978152026, 0.3276668083297918], 'combined': [0.8729691858209467, 0.07336405529953917]}",0.36584257068128034,0.47316662056024295,0.3379046666815606,0.42191260307249717,-57.10983920803096,-64.74745161177063,COMPLETE
88,0.4657039282597022,2025-09-11 14:24:28.695648,2025-09-11 14:24:29.172285,0 days 00:00:00.476637,0.7294681264253906,0.11483324529484693,0.08995110464164567,3,5,964,0.14852772523881022,1.767458995743529e-05,0.8539137941921324,"{'f1_weighted': [0.3315365466745895, 0.18104394259550097], 'accuracy': [0.33261670761670764, 0.3244239631336406], 'sharpe': [14.873830250537223, -168.6879892983818], 'sortino': [17.611466879163423, -219.67048502011738], 'hit_ratio': [0.5407348242811502, 0.30916509730069053], 'combined': [0.8665230638926763, 0.06488479262672812]}",0.3285203353751741,0.4657039282597022,0.25629024463504524,0.42494996079092034,-76.90707952392229,-101.02950907047698,COMPLETE
89,0.47264640111404754,2025-09-11 14:24:29.173282,2025-09-11 14:24:29.698651,0 days 00:00:00.525369,0.7167104487871389,0.1686970941524749,0.07350172355765144,4,6,927,0.013904452199784771,9.110942256670103e-06,0.8823554693937902,"{'f1_weighted': [0.35883106609145765, 0.30789451102859694], 'accuracy': [0.35964373464373467, 0.36682027649769583], 'sharpe': [29.063215473865995, -126.48042639638844], 'sortino': [36.33685058101835, -144.51413016420346], 'hit_ratio': [0.5397623400365631, 0.3276668083297918], 'combined': [0.8719287469285559, 0.07336405529953917]}",0.3632320055707152,0.47264640111404754,0.3333627885600273,0.43371457418317744,-48.70860546126122,-54.088639791592556,COMPLETE
90,0.07221617092584835,2025-09-11 14:24:29.698651,2025-09-11 14:24:30.179361,0 days 00:00:00.480710,0.7505316755512597,0.3438784456961443,0.055427222689883766,3,5,872,0.055880858041982645,4.645025618354795e-06,0.9236458818638174,"{'f1_weighted': [0.36654462836997453, 0.29887475759250887], 'accuracy': [0.36363636363636365, 0.3585253456221198], 'sharpe': [-38.51788165888249, -134.9839220355524], 'sortino': [-42.77202124245585, -155.91433923761193], 'hit_ratio': [0.43609022556390975, 0.31862537123462026], 'combined': [0.07272727272727274, 0.07170506912442397]}",0.3610808546292417,0.07221617092584835,0.3327096929812417,0.377357798399265,-86.75090184721745,-99.34318024003389,COMPLETE
91,0.4734141590521183,2025-09-11 14:24:30.180362,2025-09-11 14:24:30.647652,0 days 00:00:00.467290,0.688474932828978,0.008448539105088443,0.09772010577220966,3,6,973,0.007218800914040958,1.4495149135981167e-06,0.9125152055213727,"{'f1_weighted': [0.3649723606480955, 0.31129836167114977], 'accuracy': [0.36240786240786244, 0.3717357910906298], 'sharpe': [14.477654168118969, -128.5741971074572], 'sortino': [17.187364657789256, -148.02820495185134], 'hit_ratio': [0.5244565217391305, 0.32691502720803683], 'combined': [0.8724811598861106, 0.07434715821812597]}",0.3670718267492461,0.4734141590521183,0.3381353611596226,0.4256857744735837,-57.04827146966911,-65.42042014703104,COMPLETE
