number,value,datetime_start,datetime_complete,duration,params_colsample_bytree,params_gamma,params_learning_rate,params_max_depth,params_min_child_weight,params_n_estimators,params_reg_alpha,params_reg_lambda,params_subsample,user_attrs_fold_metrics,user_attrs_mean_accuracy,user_attrs_mean_combined,user_attrs_mean_f1_weighted,user_attrs_mean_hit_ratio,user_attrs_mean_sharpe,user_attrs_mean_sortino,state
92,0.473321922621505,2025-09-11 14:24:30.647652,2025-09-11 14:24:31.103904,0 days 00:00:00.456252,0.7084398783903324,0.013195635022305946,0.09763787858411324,3,6,976,0.0071778830027430865,1.562879531111709e-06,0.9177330545125676,"{'f1_weighted': [0.3640318919287611, 0.31129836167114977], 'accuracy': [0.3614864864864865, 0.3717357910906298], 'sharpe': [14.08621608613037, -128.5741971074572], 'sortino': [16.764090013751282, -148.02820495185134], 'hit_ratio': [0.5232715770447357, 0.32691502720803683], 'combined': [0.872296687024884, 0.07434715821812597]}",0.36661113878855817,0.473321922621505,0.3376651267999554,0.4250933021263863,-57.24399051066341,-65.63205746905003,COMPLETE
93,0.47344487217492404,2025-09-11 14:24:31.103904,2025-09-11 14:24:31.714482,0 days 00:00:00.610578,0.6879158027615925,0.03154543674500293,0.09161810321678321,3,6,912,0.01917801201635677,1.7007214949283552e-06,0.9107731914755272,"{'f1_weighted': [0.3652934647230348, 0.31129836167114977], 'accuracy': [0.3627149877149877, 0.3717357910906298], 'sharpe': [14.480528386987821, -128.5741971074572], 'sortino': [17.190583107776323, -148.02820495185134], 'hit_ratio': [0.5246941549614862, 0.32691502720803683], 'combined': [0.8725425861317221, 0.07434715821812597]}",0.3672253894028088,0.47344487217492404,0.3382959131970923,0.42580459108476154,-57.04683436023468,-65.41881092203751,COMPLETE
94,0.473719615951948,2025-09-11 14:24:31.715480,2025-09-11 14:24:32.195719,0 days 00:00:00.480239,0.6871387770433544,0.008219724492450182,0.10330130651439089,3,4,899,0.007744422101705242,1.4167339833678874e-06,0.9117301959755371,"{'f1_weighted': [0.3679148223345242, 0.3181575240759739], 'accuracy': [0.36486486486486486, 0.3723502304147465], 'sharpe': [12.26074798032651, -123.0206366155102], 'sortino': [15.019226940662218, -141.76803970199214], 'hit_ratio': [0.5161583978152026, 0.33319432860717263], 'combined': [0.8729691858209467, 0.07447004608294931]}",0.3686075476398057,0.473719615951948,0.34303617320524904,0.4246763632111876,-55.37994431759184,-63.37440638066496,COMPLETE
95,0.42475960716695504,2025-09-11 14:24:32.195719,2025-09-11 14:24:32.684730,0 days 00:00:00.489011,0.6927413768271989,0.04685550462901977,0.06626195143685977,3,4,906,0.005096865270607507,1.7578957606727538e-06,0.9094911715369369,"{'f1_weighted': [0.3622444153569895, 0.3181575240759739], 'accuracy': [0.36240786240786244, 0.3723502304147465], 'sharpe': [1.9755827706899198, -123.0206366155102], 'sortino': [2.188712582786721, -141.76803970199214], 'hit_ratio': [0.507205950720595, 0.33319432860717263], 'combined': [0.7750491682509608, 0.07447004608294931]}",0.3673790464113045,0.42475960716695504,0.3402009697164817,0.4202001396638838,-60.52252692241014,-69.7896635596027,COMPLETE
96,0.4690518461427714,2025-09-11 14:24:32.684730,2025-09-11 14:24:33.182837,0 days 00:00:00.498107,0.6806035887092586,0.017976413550974124,0.10075044134978091,3,5,799,0.0075214928362239385,1.0670865031992564e-06,0.8714388368473963,"{'f1_weighted': [0.3628517254894139, 0.18016116434270055], 'accuracy': [0.36240786240786244, 0.328110599078341], 'sharpe': [24.948455216843453, -170.67375379695764], 'sortino': [31.561270175025648, -223.0021404777749], 'hit_ratio': [0.5397908140063665, 0.3089102763117044], 'combined': [0.8724815724698746, 0.0656221198156682]}",0.3452592307431017,0.4690518461427714,0.27150644491605724,0.4243505451590355,-72.86264929005709,-95.72043515137463,COMPLETE
97,0.47126444077707985,2025-09-11 14:24:33.183834,2025-09-11 14:24:33.635354,0 days 00:00:00.451520,0.6895361069413257,0.37888735024641823,0.08510329821084626,3,4,835,0.0026461488024731167,1.2154070538854015e-05,0.897241850698649,"{'f1_weighted': [0.3408962064200239, 0.3165775469516855], 'accuracy': [0.34244471744471744, 0.37019969278033793], 'sharpe': [21.21173608666512, -122.5320736797503], 'sortino': [27.09756496644949, -141.51051306964712], 'hit_ratio': [0.5293631100082713, 0.3336123901213897], 'combined': [0.8684889429980921, 0.0740399385560676]}",0.35632220511252766,0.47126444077707985,0.3287368766858547,0.43148775006483053,-50.66016879654259,-57.20647405159882,COMPLETE
98,0.07221617124423005,2025-09-11 14:24:33.635354,2025-09-11 14:24:34.108274,0 days 00:00:00.472920,0.7338590106676075,0.6632025752251256,0.04835918416178018,3,5,938,0.05456844824145305,1.6134686485043438e-06,0.9115416720900864,"{'f1_weighted': [0.36728940889513934, 0.29887475759250887], 'accuracy': [0.36363636363636365, 0.3585253456221198], 'sharpe': [-20.95147946352262, -134.9839220355524], 'sortino': [-24.828477485306298, -155.91433923761193], 'hit_ratio': [0.4623069936421435, 0.31862537123462026], 'combined': [0.07272727336403613, 0.07170506912442397]}",0.3610808546292417,0.07221617124423005,0.3330820832438241,0.3904661824383819,-77.96770074953751,-90.37140836145912,COMPLETE
99,0.47080318693221923,2025-09-11 14:24:34.108274,2025-09-11 14:24:34.566714,0 days 00:00:00.458440,0.6457603903680413,0.5417738145709818,0.05801984037940154,4,5,889,0.0029668166296778833,2.9608904348400103e-06,0.9767690751769824,"{'f1_weighted': [0.34537205051589404, 0.33707211248799346], 'accuracy': [0.35626535626535627, 0.35176651305683565], 'sharpe': [41.96245745695128, -91.17340953574794], 'sortino': [52.885993624813125, -104.29198687041638], 'hit_ratio': [0.5600189035916824, 0.3742610277398818], 'combined': [0.8712530712530713, 0.07035330261136713]}",0.35401593466109593,0.47080318693221923,0.3412220815019438,0.4671399656657821,-24.60547603939833,-25.702996622801628,COMPLETE
